<?xml version="1.0" encoding="UTF-8"?>
<!-- Generated by org.testng.reporters.JUnitReportReporter -->
<testsuite skipped="0" hostname="admin-PC" name="qsp.Demoa" tests="1" failures="0" timestamp="02 Feb 2018 06:14:18 GMT" time="0.053" errors="0">
  <testcase name="testA" time="0.053" classname="qsp.Demoa"/>
</testsuite> <!-- qsp.Demoa -->
